Arduino_Bluetooth_Demo/Temp/gradleOut/unityLibrary/build/outputs/logs/manifest-merger-release-report.txt
-- Merging decision tree log ---
manifest
ADDED from src\main\AndroidManifest.xml:2:1-36:12
INJECTED from src\main\AndroidManifest.xml:2:1-36:12
INJECTED from src\main\AndroidManifest.xml:2:1-36:12
INJECTED from src\main\AndroidManifest.xml:2:1-36:12
INJECTED from src\main\AndroidManifest.xml:2:1-36:12
INJECTED from src\main\AndroidManifest.xml:2:1-36:12
INJECTED from src\main\AndroidManifest.xml:2:1-36:12
	package
		ADDED from src\main\AndroidManifest.xml:2:70-98
		INJECTED from src\main\AndroidManifest.xml
		INJECTED from src\main\AndroidManifest.xml
	android:versionName
		INJECTED from src\main\AndroidManifest.xml
		ADDED from src\main\AndroidManifest.xml:2:1-36:12
		INJECTED from src\main\AndroidManifest.xml
	xmlns:tools
		ADDED from src\main\AndroidManifest.xml:2:99-145
	android:versionCode
		INJECTED from src\main\AndroidManifest.xml
		ADDED from src\main\AndroidManifest.xml:2:1-36:12
		INJECTED from src\main\AndroidManifest.xml
	xmlns:android
		ADDED from src\main\AndroidManifest.xml:2:11-69
	android:installLocation
		ADDED from src\main\AndroidManifest.xml:2:146-186
supports-screens
ADDED from src\main\AndroidManifest.xml:3:3-163
	android:largeScreens
		ADDED from src\main\AndroidManifest.xml:3:78-105
	android:smallScreens
		ADDED from src\main\AndroidManifest.xml:3:21-48
	android:normalScreens
		ADDED from src\main\AndroidManifest.xml:3:49-77
	android:xlargeScreens
		ADDED from src\main\AndroidManifest.xml:3:106-134
	android:anyDensity
		ADDED from src\main\AndroidManifest.xml:3:135-160
application
ADDED from src\main\AndroidManifest.xml:4:3-19:17
	android:label
		ADDED from src\main\AndroidManifest.xml:4:90-122
	android:icon
		ADDED from src\main\AndroidManifest.xml:4:58-89
	android:theme
		ADDED from src\main\AndroidManifest.xml:4:16-57
activity#com.unity3d.player.UnityPlayerActivity
ADDED from src\main\AndroidManifest.xml:5:5-13:16
	android:screenOrientation
		ADDED from src\main\AndroidManifest.xml:5:102-140
	android:label
		ADDED from src\main\AndroidManifest.xml:5:69-101
	android:launchMode
		ADDED from src\main\AndroidManifest.xml:5:141-172
	android:hardwareAccelerated
		ADDED from src\main\AndroidManifest.xml:5:355-390
	android:configChanges
		ADDED from src\main\AndroidManifest.xml:5:173-354
	android:name
		ADDED from src\main\AndroidManifest.xml:5:15-68
intent-filter#action:name:android.bluetooth.device.action.ACL_DISCONNECTED+action:name:android.intent.action.MAIN+category:name:android.intent.category.LAUNCHER
ADDED from src\main\AndroidManifest.xml:6:7-10:23
action#android.intent.action.MAIN
ADDED from src\main\AndroidManifest.xml:7:9-61
	android:name
		ADDED from src\main\AndroidManifest.xml:7:17-58
action#android.bluetooth.device.action.ACL_DISCONNECTED
ADDED from src\main\AndroidManifest.xml:8:9-83
	android:name
		ADDED from src\main\AndroidManifest.xml:8:17-80
category#android.intent.category.LAUNCHER
ADDED from src\main\AndroidManifest.xml:9:9-69
	android:name
		ADDED from src\main\AndroidManifest.xml:9:19-66
meta-data#unityplayer.UnityActivity
ADDED from src\main\AndroidManifest.xml:11:7-82
	android:value
		ADDED from src\main\AndroidManifest.xml:11:59-79
	android:name
		ADDED from src\main\AndroidManifest.xml:11:18-58
meta-data#android.notch_support
ADDED from src\main\AndroidManifest.xml:12:7-78
	android:value
		ADDED from src\main\AndroidManifest.xml:12:55-75
	android:name
		ADDED from src\main\AndroidManifest.xml:12:18-54
activity#com.tony.bluetoothunityapi.EmptyActivity
ADDED from src\main\AndroidManifest.xml:14:5-133
	android:theme
		ADDED from src\main\AndroidManifest.xml:14:71-130
	android:name
		ADDED from src\main\AndroidManifest.xml:14:15-70
meta-data#unity.splash-mode
ADDED from src\main\AndroidManifest.xml:15:5-69
	android:value
		ADDED from src\main\AndroidManifest.xml:15:49-66
	android:name
		ADDED from src\main\AndroidManifest.xml:15:16-48
meta-data#unity.splash-enable
ADDED from src\main\AndroidManifest.xml:16:5-74
	android:value
		ADDED from src\main\AndroidManifest.xml:16:51-71
	android:name
		ADDED from src\main\AndroidManifest.xml:16:16-50
meta-data#notch.config
ADDED from src\main\AndroidManifest.xml:17:5-81
	android:value
		ADDED from src\main\AndroidManifest.xml:17:44-78
	android:name
		ADDED from src\main\AndroidManifest.xml:17:16-43
meta-data#unity.build-id
ADDED from src\main\AndroidManifest.xml:18:5-101
	android:value
		ADDED from src\main\AndroidManifest.xml:18:46-98
	android:name
		ADDED from src\main\AndroidManifest.xml:18:16-45
uses-permission#android.permission.BLUETOOTH
ADDED from src\main\AndroidManifest.xml:20:3-66
	android:name
		ADDED from src\main\AndroidManifest.xml:20:20-63
uses-permission#android.permission.BLUETOOTH_ADMIN
ADDED from src\main\AndroidManifest.xml:21:3-72
	android:name
		ADDED from src\main\AndroidManifest.xml:21:20-69
uses-permission#android.permission.ACCESS_COARSE_LOCATION
ADDED from src\main\AndroidManifest.xml:22:3-79
	android:name
		ADDED from src\main\AndroidManifest.xml:22:20-76
uses-permission#android.permission.ACCESS_FINE_LOCATION
ADDED from src\main\AndroidManifest.xml:23:3-77
	android:name
		ADDED from src\main\AndroidManifest.xml:23:20-74
uses-permission#android.permission.ACCESS_BACKGROUND_LOCATION
ADDED from src\main\AndroidManifest.xml:24:3-83
	android:name
		ADDED from src\main\AndroidManifest.xml:24:20-80
uses-permission-sdk-23#android.permission.BLUETOOTH
ADDED from src\main\AndroidManifest.xml:25:3-73
	android:name
		ADDED from src\main\AndroidManifest.xml:25:27-70
uses-permission-sdk-23#android.permission.ACCESS_COARSE_LOCATION
ADDED from src\main\AndroidManifest.xml:26:3-86
	android:name
		ADDED from src\main\AndroidManifest.xml:26:27-83
uses-permission#android.permission.REQUEST_COMPANION_RUN_IN_BACKGROUND
ADDED from src\main\AndroidManifest.xml:27:3-92
	android:name
		ADDED from src\main\AndroidManifest.xml:27:20-89
uses-permission#android.permission.REQUEST_COMPANION_USE_DATA_IN_BACKGROUND
ADDED from src\main\AndroidManifest.xml:28:3-97
	android:name
		ADDED from src\main\AndroidManifest.xml:28:20-94
uses-feature#android.hardware.bluetooth_le
ADDED from src\main\AndroidManifest.xml:29:3-88
	android:required
		ADDED from src\main\AndroidManifest.xml:29:62-85
	android:name
		ADDED from src\main\AndroidManifest.xml:29:17-61
uses-feature#android.software.companion_device_setup
ADDED from src\main\AndroidManifest.xml:30:3-74
	android:name
		ADDED from src\main\AndroidManifest.xml:30:17-71
uses-feature#0x00030000
ADDED from src\main\AndroidManifest.xml:31:3-52
	android:glEsVersion
		ADDED from src\main\AndroidManifest.xml:31:17-49
uses-feature#android.hardware.vulkan.version
ADDED from src\main\AndroidManifest.xml:32:3-91
	android:required
		ADDED from src\main\AndroidManifest.xml:32:64-88
	android:name
		ADDED from src\main\AndroidManifest.xml:32:17-63
uses-feature#android.hardware.touchscreen
ADDED from src\main\AndroidManifest.xml:33:3-88
	android:required
		ADDED from src\main\AndroidManifest.xml:33:61-85
	android:name
		ADDED from src\main\AndroidManifest.xml:33:17-60
uses-feature#android.hardware.touchscreen.multitouch
ADDED from src\main\AndroidManifest.xml:34:3-99
	android:required
		ADDED from src\main\AndroidManifest.xml:34:72-96
	android:name
		ADDED from src\main\AndroidManifest.xml:34:17-71
uses-feature#android.hardware.touchscreen.multitouch.distinct
ADDED from src\main\AndroidManifest.xml:35:3-108
	android:required
		ADDED from src\main\AndroidManifest.xml:35:81-105
	android:name
		ADDED from src\main\AndroidManifest.xml:35:17-80
uses-sdk
INJECTED from src\main\AndroidManifest.xml reason: use-sdk injection requested
INJECTED from src\main\AndroidManifest.xml
INJECTED from src\main\AndroidManifest.xml
INJECTED from src\main\AndroidManifest.xml
INJECTED from src\main\AndroidManifest.xml
	android:targetSdkVersion
		INJECTED from src\main\AndroidManifest.xml
		ADDED from src\main\AndroidManifest.xml
		INJECTED from src\main\AndroidManifest.xml
	android:minSdkVersion
		INJECTED from src\main\AndroidManifest.xml
		ADDED from src\main\AndroidManifest.xml
		INJECTED from src\main\AndroidManifest.xml